<!DOCTYPE html PUBLIC "-//W3C//DTD XHTML 1.1//EN" "https://www.w3.org/TR/xhtml11/DTD/xhtml11.dtd">
<html xmlns="https://www.w3.org/1999/xhtml">
<head>
<meta http-equiv="content-type" content="text/html; charset=UTF-8"/>
<title>TestNG Report</title>
<style type="text/css">table {margin-bottom:10px;border-collapse:collapse;empty-cells:show}th,td {border:1px solid #009;padding:.25em .5em}th {vertical-align:bottom}td {vertical-align:top}table a {font-weight:bold}.stripe td {background-color: #E6EBF9}.num {text-align:right}.passedodd td {background-color: #3F3}.passedeven td {background-color: #0A0}.skippedodd td {background-color: #DDD}.skippedeven td {background-color: #CCC}.failedodd td,.attn {background-color: #F33}.failedeven td,.stripe .attn {background-color: #D00}.stacktrace {white-space:pre;font-family:monospace}.totop {font-size:85%;text-align:center;border-bottom:2px solid #000}.invisible {display:none}</style>
</head>
<body>
<table>
<tr><th>Test</th><th># Passed</th><th># Skipped</th><th># Retried</th><th># Failed</th><th>Time (ms)</th><th>Included Groups</th><th>Excluded Groups</th></tr>
<tr><th colspan="8">Default suite</th></tr>
<tr><td><a href="#t0">Default test</a></td><td class="num">1</td><td class="num">0</td><td class="num">0</td><td class="num attn">9</td><td class="num">11,677</td><td></td><td></td></tr>
</table>
<table id='summary'><thead><tr><th>Class</th><th>Method</th><th>Start</th><th>Time (ms)</th></tr></thead><tbody><tr><th colspan="4">Default suite</th></tr></tbody><tbody id="t0"><tr><th colspan="4">Default test &#8212; failed</th></tr><tr class="failedeven"><td rowspan="9">com.TestRunner.TestRunner_testNGIntegreation</td><td><a href="#m0">runScenario</a></td><td rowspan="9">1741445066209</td><td rowspan="9">35</td></tr><tr class="failedeven"><td><a href="#m1">runScenario</a></td></tr><tr class="failedeven"><td><a href="#m2">runScenario</a></td></tr><tr class="failedeven"><td><a href="#m3">runScenario</a></td></tr><tr class="failedeven"><td><a href="#m4">runScenario</a></td></tr><tr class="failedeven"><td><a href="#m5">runScenario</a></td></tr><tr class="failedeven"><td><a href="#m6">runScenario</a></td></tr><tr class="failedeven"><td><a href="#m7">runScenario</a></td></tr><tr class="failedeven"><td><a href="#m8">runScenario</a></td></tr><tr><th colspan="4">Default test &#8212; passed</th></tr><tr class="passedeven"><td rowspan="1">com.TestRunner.TestRunner_testNGIntegreation</td><td><a href="#m9">runScenario</a></td><td rowspan="1">1741445056045</td><td rowspan="1">9977</td></tr></tbody>
</table>
<h2>Default test</h2><h3 id="m0">com.TestRunner.TestRunner_testNGIntegreation#runScenario</h3><table class="result"><tr class="param"><th>Parameter #1</th><th>Parameter #2</th></tr><tr class="param stripe"><td>&quot;Home Page switch windows validation&quot;</td><td>&quot;Optional[Home Page elements validations]&quot;</td></tr><tr><th colspan="2">Exception</th></tr><tr><td colspan="2"><div class="stacktrace">io.cucumber.java.PendingException: TODO: implement me
	at com.PracticeApplicationPageStepDef.HomePageStepDef.click_on_to_switch_window(HomePageStepDef.java:45)
	at ✽.Click on &quot;Open Window&quot; to switch window(file:///C:/Users/nihal/WorkSpace_AutomationPracticeFinal/Automation-Project/com.CumberTestAutomation/src/main/resources/Features/PracticeApplicationFeatures/HomePage.feature:31)
</div></td></tr></table><p class="totop"><a href="#summary">back to summary</a></p>
<h3 id="m1">com.TestRunner.TestRunner_testNGIntegreation#runScenario</h3><table class="result"><tr class="param"><th>Parameter #1</th><th>Parameter #2</th></tr><tr class="param stripe"><td>&quot;Home Page values on mouse hover validation&quot;</td><td>&quot;Optional[Home Page elements validations]&quot;</td></tr><tr><th colspan="2">Exception</th></tr><tr><td colspan="2"><div class="stacktrace">io.cucumber.java.PendingException: TODO: implement me
	at com.PracticeApplicationPageStepDef.HomePageStepDef.validate_when_mouse_hover_on(HomePageStepDef.java:85)
	at ✽.Validate &quot;values&quot; when mouse hover on &quot;Mouse Hover&quot;(file:///C:/Users/nihal/WorkSpace_AutomationPracticeFinal/Automation-Project/com.CumberTestAutomation/src/main/resources/Features/PracticeApplicationFeatures/HomePage.feature:64)
</div></td></tr></table><p class="totop"><a href="#summary">back to summary</a></p>
<h3 id="m2">com.TestRunner.TestRunner_testNGIntegreation#runScenario</h3><table class="result"><tr class="param"><th>Parameter #1</th><th>Parameter #2</th></tr><tr class="param stripe"><td>&quot;Home Page textbox validation&quot;</td><td>&quot;Optional[Home Page elements validations]&quot;</td></tr><tr><th colspan="2">Exception</th></tr><tr><td colspan="2"><div class="stacktrace">java.lang.NullPointerException: Cannot invoke &quot;org.openqa.selenium.WebElement.getText()&quot; because &quot;this.textFieldHeader&quot; is null
	at com.PracticeApplicationPages.HomePage.textBoxNameValWithInputData(HomePage.java:43)
	at com.PracticeApplicationPageStepDef.HomePageStepDef.validate_textbox_field_and_enter(HomePageStepDef.java:30)
	at ✽.Validate textbox field &quot;Suggession Class Example&quot; and Enter &quot;testdata&quot;(file:///C:/Users/nihal/WorkSpace_AutomationPracticeFinal/Automation-Project/com.CumberTestAutomation/src/main/resources/Features/PracticeApplicationFeatures/HomePage.feature:14)
</div></td></tr></table><p class="totop"><a href="#summary">back to summary</a></p>
<h3 id="m3">com.TestRunner.TestRunner_testNGIntegreation#runScenario</h3><table class="result"><tr class="param"><th>Parameter #1</th><th>Parameter #2</th></tr><tr class="param stripe"><td>&quot;Home Page Alert Message validation&quot;</td><td>&quot;Optional[Home Page elements validations]&quot;</td></tr><tr><th colspan="2">Exception</th></tr><tr><td colspan="2"><div class="stacktrace">io.cucumber.java.PendingException: TODO: implement me
	at com.PracticeApplicationPageStepDef.HomePageStepDef.click_on_button_to_validate(HomePageStepDef.java:65)
	at ✽.Click on &quot;Alert&quot; button to validate &quot;alertMessage&quot;(file:///C:/Users/nihal/WorkSpace_AutomationPracticeFinal/Automation-Project/com.CumberTestAutomation/src/main/resources/Features/PracticeApplicationFeatures/HomePage.feature:45)
</div></td></tr></table><p class="totop"><a href="#summary">back to summary</a></p>
<h3 id="m4">com.TestRunner.TestRunner_testNGIntegreation#runScenario</h3><table class="result"><tr class="param"><th>Parameter #1</th><th>Parameter #2</th></tr><tr class="param stripe"><td>&quot;Home Page switch tab validation&quot;</td><td>&quot;Optional[Home Page elements validations]&quot;</td></tr><tr><th colspan="2">Exception</th></tr><tr><td colspan="2"><div class="stacktrace">io.cucumber.java.PendingException: TODO: implement me
	at com.PracticeApplicationPageStepDef.HomePageStepDef.click_on_to_move_to_other_tab(HomePageStepDef.java:55)
	at ✽.Click on &quot;Open Tab&quot; to move to other tab(file:///C:/Users/nihal/WorkSpace_AutomationPracticeFinal/Automation-Project/com.CumberTestAutomation/src/main/resources/Features/PracticeApplicationFeatures/HomePage.feature:38)
</div></td></tr></table><p class="totop"><a href="#summary">back to summary</a></p>
<h3 id="m5">com.TestRunner.TestRunner_testNGIntegreation#runScenario</h3><table class="result"><tr class="param"><th>Parameter #1</th><th>Parameter #2</th></tr><tr class="param stripe"><td>&quot;Home Page Hyperlink redirect to iFrame validation&quot;</td><td>&quot;Optional[Home Page elements validations]&quot;</td></tr><tr><th colspan="2">Exception</th></tr><tr><td colspan="2"><div class="stacktrace">io.cucumber.java.PendingException: TODO: implement me
	at com.PracticeApplicationPageStepDef.HomePageStepDef.validate_on_i_frame(HomePageStepDef.java:90)
	at ✽.Validate &quot;Hyperlink&quot; on iFrame(file:///C:/Users/nihal/WorkSpace_AutomationPracticeFinal/Automation-Project/com.CumberTestAutomation/src/main/resources/Features/PracticeApplicationFeatures/HomePage.feature:70)
</div></td></tr></table><p class="totop"><a href="#summary">back to summary</a></p>
<h3 id="m6">com.TestRunner.TestRunner_testNGIntegreation#runScenario</h3><table class="result"><tr class="param"><th>Parameter #1</th><th>Parameter #2</th></tr><tr class="param stripe"><td>&quot;Home Page dropdown and checkbox validations&quot;</td><td>&quot;Optional[Home Page elements validations]&quot;</td></tr><tr><th colspan="2">Exception</th></tr><tr><td colspan="2"><div class="stacktrace">io.cucumber.java.PendingException: TODO: implement me
	at com.PracticeApplicationPageStepDef.HomePageStepDef.validate_dropdown_field_and_select(HomePageStepDef.java:35)
	at ✽.Validate dropdown field &quot;Values&quot; and select &quot;value2&quot;(file:///C:/Users/nihal/WorkSpace_AutomationPracticeFinal/Automation-Project/com.CumberTestAutomation/src/main/resources/Features/PracticeApplicationFeatures/HomePage.feature:24)
</div></td></tr></table><p class="totop"><a href="#summary">back to summary</a></p>
<h3 id="m7">com.TestRunner.TestRunner_testNGIntegreation#runScenario</h3><table class="result"><tr class="param"><th>Parameter #1</th><th>Parameter #2</th></tr><tr class="param stripe"><td>&quot;Home Page table data and store data in excel&quot;</td><td>&quot;Optional[Home Page elements validations]&quot;</td></tr><tr><th colspan="2">Exception</th></tr><tr><td colspan="2"><div class="stacktrace">io.cucumber.java.PendingException: TODO: implement me
	at com.PracticeApplicationPageStepDef.HomePageStepDef.validate_all_elements_in_the_table1(HomePageStepDef.java:70)
	at ✽.Validate All elements in the table1(file:///C:/Users/nihal/WorkSpace_AutomationPracticeFinal/Automation-Project/com.CumberTestAutomation/src/main/resources/Features/PracticeApplicationFeatures/HomePage.feature:51)
</div></td></tr></table><p class="totop"><a href="#summary">back to summary</a></p>
<h3 id="m8">com.TestRunner.TestRunner_testNGIntegreation#runScenario</h3><table class="result"><tr class="param"><th>Parameter #1</th><th>Parameter #2</th></tr><tr class="param stripe"><td>&quot;Home Page table2 and sum validation&quot;</td><td>&quot;Optional[Home Page elements validations]&quot;</td></tr><tr><th colspan="2">Exception</th></tr><tr><td colspan="2"><div class="stacktrace">io.cucumber.java.PendingException: TODO: implement me
	at com.PracticeApplicationPageStepDef.HomePageStepDef.validate_table2_and_verify_sum_amount_matched_with_total(HomePageStepDef.java:80)
	at ✽.Validate table2 and verify sum amount matched with total(file:///C:/Users/nihal/WorkSpace_AutomationPracticeFinal/Automation-Project/com.CumberTestAutomation/src/main/resources/Features/PracticeApplicationFeatures/HomePage.feature:58)
</div></td></tr></table><p class="totop"><a href="#summary">back to summary</a></p>
<h3 id="m9">com.TestRunner.TestRunner_testNGIntegreation#runScenario</h3><table class="result"><tr class="param"><th>Parameter #1</th><th>Parameter #2</th></tr><tr class="param stripe"><td>&quot;Home Page Radio button validation&quot;</td><td>&quot;Optional[Home Page elements validations]&quot;</td></tr></table><p class="totop"><a href="#summary">back to summary</a></p>
</body>
</html>
