<?xml version="1.0" encoding="UTF-8"?>
<!-- Generated by org.testng.reporters.JUnitXMLReporter -->
<testsuite ignored="0" hostname="Pappu" failures="9" tests="10" name="Default test" time="11.677" errors="0" timestamp="2025-03-08T20:14:26 IST">
  <testcase classname="io.cucumber.testng.AbstractTestNGCucumberTests" name="runScenario" time="9.977"/>
  <testcase classname="io.cucumber.testng.AbstractTestNGCucumberTests" name="runScenario" time="0.079">
    <failure type="java.lang.NullPointerException" message="Cannot invoke &amp;quot;org.openqa.selenium.WebElement.getText()&amp;quot; because &amp;quot;this.textFieldHeader&amp;quot; is null">
      <![CDATA[java.lang.NullPointerException: Cannot invoke "org.openqa.selenium.WebElement.getText()" because "this.textFieldHeader" is null
at com.PracticeApplicationPages.HomePage.textBoxNameValWithInputData(HomePage.java:43)
at com.PracticeApplicationPageStepDef.HomePageStepDef.validate_textbox_field_and_enter(HomePageStepDef.java:30)
at ✽.Validate textbox field "Suggession Class Example" and Enter "testdata"(file:///C:/Users/nihal/WorkSpace_AutomationPracticeFinal/Automation-Project/com.CumberTestAutomation/src/main/resources/Features/PracticeApplicationFeatures/HomePage.feature:14)
]]>
    </failure>
  </testcase> <!-- runScenario -->
  <testcase classname="io.cucumber.testng.AbstractTestNGCucumberTests" name="runScenario" time="0.093">
    <failure type="io.cucumber.java.PendingException" message="TODO: implement me">
      <![CDATA[io.cucumber.java.PendingException: TODO: implement me
at com.PracticeApplicationPageStepDef.HomePageStepDef.validate_dropdown_field_and_select(HomePageStepDef.java:35)
at ✽.Validate dropdown field "Values" and select "value2"(file:///C:/Users/nihal/WorkSpace_AutomationPracticeFinal/Automation-Project/com.CumberTestAutomation/src/main/resources/Features/PracticeApplicationFeatures/HomePage.feature:24)
]]>
    </failure>
  </testcase> <!-- runScenario -->
  <testcase classname="io.cucumber.testng.AbstractTestNGCucumberTests" name="runScenario" time="0.035">
    <failure type="io.cucumber.java.PendingException" message="TODO: implement me">
      <![CDATA[io.cucumber.java.PendingException: TODO: implement me
at com.PracticeApplicationPageStepDef.HomePageStepDef.click_on_to_switch_window(HomePageStepDef.java:45)
at ✽.Click on "Open Window" to switch window(file:///C:/Users/nihal/WorkSpace_AutomationPracticeFinal/Automation-Project/com.CumberTestAutomation/src/main/resources/Features/PracticeApplicationFeatures/HomePage.feature:31)
]]>
    </failure>
  </testcase> <!-- runScenario -->
  <testcase classname="io.cucumber.testng.AbstractTestNGCucumberTests" name="runScenario" time="0.037">
    <failure type="io.cucumber.java.PendingException" message="TODO: implement me">
      <![CDATA[io.cucumber.java.PendingException: TODO: implement me
at com.PracticeApplicationPageStepDef.HomePageStepDef.click_on_to_move_to_other_tab(HomePageStepDef.java:55)
at ✽.Click on "Open Tab" to move to other tab(file:///C:/Users/nihal/WorkSpace_AutomationPracticeFinal/Automation-Project/com.CumberTestAutomation/src/main/resources/Features/PracticeApplicationFeatures/HomePage.feature:38)
]]>
    </failure>
  </testcase> <!-- runScenario -->
  <testcase classname="io.cucumber.testng.AbstractTestNGCucumberTests" name="runScenario" time="0.037">
    <failure type="io.cucumber.java.PendingException" message="TODO: implement me">
      <![CDATA[io.cucumber.java.PendingException: TODO: implement me
at com.PracticeApplicationPageStepDef.HomePageStepDef.click_on_button_to_validate(HomePageStepDef.java:65)
at ✽.Click on "Alert" button to validate "alertMessage"(file:///C:/Users/nihal/WorkSpace_AutomationPracticeFinal/Automation-Project/com.CumberTestAutomation/src/main/resources/Features/PracticeApplicationFeatures/HomePage.feature:45)
]]>
    </failure>
  </testcase> <!-- runScenario -->
  <testcase classname="io.cucumber.testng.AbstractTestNGCucumberTests" name="runScenario" time="0.037">
    <failure type="io.cucumber.java.PendingException" message="TODO: implement me">
      <![CDATA[io.cucumber.java.PendingException: TODO: implement me
at com.PracticeApplicationPageStepDef.HomePageStepDef.validate_all_elements_in_the_table1(HomePageStepDef.java:70)
at ✽.Validate All elements in the table1(file:///C:/Users/nihal/WorkSpace_AutomationPracticeFinal/Automation-Project/com.CumberTestAutomation/src/main/resources/Features/PracticeApplicationFeatures/HomePage.feature:51)
]]>
    </failure>
  </testcase> <!-- runScenario -->
  <testcase classname="io.cucumber.testng.AbstractTestNGCucumberTests" name="runScenario" time="0.046">
    <failure type="io.cucumber.java.PendingException" message="TODO: implement me">
      <![CDATA[io.cucumber.java.PendingException: TODO: implement me
at com.PracticeApplicationPageStepDef.HomePageStepDef.validate_table2_and_verify_sum_amount_matched_with_total(HomePageStepDef.java:80)
at ✽.Validate table2 and verify sum amount matched with total(file:///C:/Users/nihal/WorkSpace_AutomationPracticeFinal/Automation-Project/com.CumberTestAutomation/src/main/resources/Features/PracticeApplicationFeatures/HomePage.feature:58)
]]>
    </failure>
  </testcase> <!-- runScenario -->
  <testcase classname="io.cucumber.testng.AbstractTestNGCucumberTests" name="runScenario" time="0.048">
    <failure type="io.cucumber.java.PendingException" message="TODO: implement me">
      <![CDATA[io.cucumber.java.PendingException: TODO: implement me
at com.PracticeApplicationPageStepDef.HomePageStepDef.validate_when_mouse_hover_on(HomePageStepDef.java:85)
at ✽.Validate "values" when mouse hover on "Mouse Hover"(file:///C:/Users/nihal/WorkSpace_AutomationPracticeFinal/Automation-Project/com.CumberTestAutomation/src/main/resources/Features/PracticeApplicationFeatures/HomePage.feature:64)
]]>
    </failure>
  </testcase> <!-- runScenario -->
  <testcase classname="io.cucumber.testng.AbstractTestNGCucumberTests" name="runScenario" time="0.046">
    <failure type="io.cucumber.java.PendingException" message="TODO: implement me">
      <![CDATA[io.cucumber.java.PendingException: TODO: implement me
at com.PracticeApplicationPageStepDef.HomePageStepDef.validate_on_i_frame(HomePageStepDef.java:90)
at ✽.Validate "Hyperlink" on iFrame(file:///C:/Users/nihal/WorkSpace_AutomationPracticeFinal/Automation-Project/com.CumberTestAutomation/src/main/resources/Features/PracticeApplicationFeatures/HomePage.feature:70)
]]>
    </failure>
  </testcase> <!-- runScenario -->
</testsuite> <!-- Default test -->
