<html>
<head>
<title>TestNG:  Default test</title>
<link href="../testng.css" rel="stylesheet" type="text/css" />
<link href="../my-testng.css" rel="stylesheet" type="text/css" />

<style type="text/css">
.log { display: none;} 
.stack-trace { display: none;} 
</style>
<script type="text/javascript">
<!--
function flip(e) {
  current = e.style.display;
  if (current == 'block') {
    e.style.display = 'none';
    return 0;
  }
  else {
    e.style.display = 'block';
    return 1;
  }
}

function toggleBox(szDivId, elem, msg1, msg2)
{
  var res = -1;  if (document.getElementById) {
    res = flip(document.getElementById(szDivId));
  }
  else if (document.all) {
    // this is the way old msie versions work
    res = flip(document.all[szDivId]);
  }
  if(elem) {
    if(res == 0) elem.innerHTML = msg1; else elem.innerHTML = msg2;
  }

}

function toggleAllBoxes() {
  if (document.getElementsByTagName) {
    d = document.getElementsByTagName('div');
    for (i = 0; i < d.length; i++) {
      if (d[i].className == 'log') {
        flip(d[i]);
      }
    }
  }
}

// -->
</script>

</head>
<body>
<h2 align='center'>Default test</h2><table border='1' align="center">
<tr>
<td>Tests passed/Failed/Skipped:</td><td>1/9/0</td>
</tr><tr>
<td>Started on:</td><td>Sat Mar 08 20:14:15 IST 2025</td>
</tr>
<tr><td>Total time:</td><td>11 seconds (11677 ms)</td>
</tr><tr>
<td>Included groups:</td><td></td>
</tr><tr>
<td>Excluded groups:</td><td></td>
</tr>
</table><p/>
<small><i>(Hover the method name to see the test class name)</i></small><p/>
<table width='100%' border='1' class='invocation-failed'>
<tr><td colspan='4' align='center'><b>FAILED TESTS</b></td></tr>
<tr><td><b>Test method</b></td>
<td width="30%"><b>Exception</b></td>
<td width="10%"><b>Time (seconds)</b></td>
<td><b>Instance</b></td>
</tr>
<tr>
<td title='com.TestRunner.TestRunner_testNGIntegreation.runScenario()'><b>runScenario</b><br>Test class: com.TestRunner.TestRunner_testNGIntegreation<br>Test method: Runs Cucumber Scenarios<br>Parameters: "Home Page switch windows validation", "Optional[Home Page elements validations]"</td>
<td><div><pre>io.cucumber.java.PendingException: TODO: implement me
	at com.PracticeApplicationPageStepDef.HomePageStepDef.click_on_to_switch_window(HomePageStepDef.java:45)
	at ✽.Click on &quot;Open Window&quot; to switch window(file:///C:/Users/nihal/WorkSpace_AutomationPracticeFinal/Automation-Project/com.CumberTestAutomation/src/main/resources/Features/PracticeApplicationFeatures/HomePage.feature:31)
</pre></div><a href='#' onClick='toggleBox("stack-trace2075093711", this, "Click to show all stack frames", "Click to hide stack frames")'>Click to show all stack frames</a>
<div class='stack-trace' id='stack-trace2075093711'><pre>io.cucumber.java.PendingException: TODO: implement me
	at com.PracticeApplicationPageStepDef.HomePageStepDef.click_on_to_switch_window(HomePageStepDef.java:45)
	at ✽.Click on &quot;Open Window&quot; to switch window(file:///C:/Users/nihal/WorkSpace_AutomationPracticeFinal/Automation-Project/com.CumberTestAutomation/src/main/resources/Features/PracticeApplicationFeatures/HomePage.feature:31)
</pre></div></td>
<td>0</td>
<td>com.TestRunner.TestRunner_testNGIntegreation@293a5bf6</td></tr>
<tr>
<td title='com.TestRunner.TestRunner_testNGIntegreation.runScenario()'><b>runScenario</b><br>Test class: com.TestRunner.TestRunner_testNGIntegreation<br>Test method: Runs Cucumber Scenarios<br>Parameters: "Home Page values on mouse hover validation", "Optional[Home Page elements validations]"</td>
<td><div><pre>io.cucumber.java.PendingException: TODO: implement me
	at com.PracticeApplicationPageStepDef.HomePageStepDef.validate_when_mouse_hover_on(HomePageStepDef.java:85)
	at ✽.Validate &quot;values&quot; when mouse hover on &quot;Mouse Hover&quot;(file:///C:/Users/nihal/WorkSpace_AutomationPracticeFinal/Automation-Project/com.CumberTestAutomation/src/main/resources/Features/PracticeApplicationFeatures/HomePage.feature:64)
</pre></div><a href='#' onClick='toggleBox("stack-trace1833707324", this, "Click to show all stack frames", "Click to hide stack frames")'>Click to show all stack frames</a>
<div class='stack-trace' id='stack-trace1833707324'><pre>io.cucumber.java.PendingException: TODO: implement me
	at com.PracticeApplicationPageStepDef.HomePageStepDef.validate_when_mouse_hover_on(HomePageStepDef.java:85)
	at ✽.Validate &quot;values&quot; when mouse hover on &quot;Mouse Hover&quot;(file:///C:/Users/nihal/WorkSpace_AutomationPracticeFinal/Automation-Project/com.CumberTestAutomation/src/main/resources/Features/PracticeApplicationFeatures/HomePage.feature:64)
</pre></div></td>
<td>0</td>
<td>com.TestRunner.TestRunner_testNGIntegreation@293a5bf6</td></tr>
<tr>
<td title='com.TestRunner.TestRunner_testNGIntegreation.runScenario()'><b>runScenario</b><br>Test class: com.TestRunner.TestRunner_testNGIntegreation<br>Test method: Runs Cucumber Scenarios<br>Parameters: "Home Page textbox validation", "Optional[Home Page elements validations]"</td>
<td><div><pre>java.lang.NullPointerException: Cannot invoke &quot;org.openqa.selenium.WebElement.getText()&quot; because &quot;this.textFieldHeader&quot; is null
	at com.PracticeApplicationPages.HomePage.textBoxNameValWithInputData(HomePage.java:43)
	at com.PracticeApplicationPageStepDef.HomePageStepDef.validate_textbox_field_and_enter(HomePageStepDef.java:30)
	at ✽.Validate textbox field &quot;Suggession Class Example&quot; and Enter &quot;testdata&quot;(file:///C:/Users/nihal/WorkSpace_AutomationPracticeFinal/Automation-Project/com.CumberTestAutomation/src/main/resources/Features/PracticeApplicationFeatures/HomePage.feature:14)
</pre></div><a href='#' onClick='toggleBox("stack-trace1740797856", this, "Click to show all stack frames", "Click to hide stack frames")'>Click to show all stack frames</a>
<div class='stack-trace' id='stack-trace1740797856'><pre>java.lang.NullPointerException: Cannot invoke &quot;org.openqa.selenium.WebElement.getText()&quot; because &quot;this.textFieldHeader&quot; is null
	at com.PracticeApplicationPages.HomePage.textBoxNameValWithInputData(HomePage.java:43)
	at com.PracticeApplicationPageStepDef.HomePageStepDef.validate_textbox_field_and_enter(HomePageStepDef.java:30)
	at ✽.Validate textbox field &quot;Suggession Class Example&quot; and Enter &quot;testdata&quot;(file:///C:/Users/nihal/WorkSpace_AutomationPracticeFinal/Automation-Project/com.CumberTestAutomation/src/main/resources/Features/PracticeApplicationFeatures/HomePage.feature:14)
</pre></div></td>
<td>0</td>
<td>com.TestRunner.TestRunner_testNGIntegreation@293a5bf6</td></tr>
<tr>
<td title='com.TestRunner.TestRunner_testNGIntegreation.runScenario()'><b>runScenario</b><br>Test class: com.TestRunner.TestRunner_testNGIntegreation<br>Test method: Runs Cucumber Scenarios<br>Parameters: "Home Page Alert Message validation", "Optional[Home Page elements validations]"</td>
<td><div><pre>io.cucumber.java.PendingException: TODO: implement me
	at com.PracticeApplicationPageStepDef.HomePageStepDef.click_on_button_to_validate(HomePageStepDef.java:65)
	at ✽.Click on &quot;Alert&quot; button to validate &quot;alertMessage&quot;(file:///C:/Users/nihal/WorkSpace_AutomationPracticeFinal/Automation-Project/com.CumberTestAutomation/src/main/resources/Features/PracticeApplicationFeatures/HomePage.feature:45)
</pre></div><a href='#' onClick='toggleBox("stack-trace16196099", this, "Click to show all stack frames", "Click to hide stack frames")'>Click to show all stack frames</a>
<div class='stack-trace' id='stack-trace16196099'><pre>io.cucumber.java.PendingException: TODO: implement me
	at com.PracticeApplicationPageStepDef.HomePageStepDef.click_on_button_to_validate(HomePageStepDef.java:65)
	at ✽.Click on &quot;Alert&quot; button to validate &quot;alertMessage&quot;(file:///C:/Users/nihal/WorkSpace_AutomationPracticeFinal/Automation-Project/com.CumberTestAutomation/src/main/resources/Features/PracticeApplicationFeatures/HomePage.feature:45)
</pre></div></td>
<td>0</td>
<td>com.TestRunner.TestRunner_testNGIntegreation@293a5bf6</td></tr>
<tr>
<td title='com.TestRunner.TestRunner_testNGIntegreation.runScenario()'><b>runScenario</b><br>Test class: com.TestRunner.TestRunner_testNGIntegreation<br>Test method: Runs Cucumber Scenarios<br>Parameters: "Home Page switch tab validation", "Optional[Home Page elements validations]"</td>
<td><div><pre>io.cucumber.java.PendingException: TODO: implement me
	at com.PracticeApplicationPageStepDef.HomePageStepDef.click_on_to_move_to_other_tab(HomePageStepDef.java:55)
	at ✽.Click on &quot;Open Tab&quot; to move to other tab(file:///C:/Users/nihal/WorkSpace_AutomationPracticeFinal/Automation-Project/com.CumberTestAutomation/src/main/resources/Features/PracticeApplicationFeatures/HomePage.feature:38)
</pre></div><a href='#' onClick='toggleBox("stack-trace2066945445", this, "Click to show all stack frames", "Click to hide stack frames")'>Click to show all stack frames</a>
<div class='stack-trace' id='stack-trace2066945445'><pre>io.cucumber.java.PendingException: TODO: implement me
	at com.PracticeApplicationPageStepDef.HomePageStepDef.click_on_to_move_to_other_tab(HomePageStepDef.java:55)
	at ✽.Click on &quot;Open Tab&quot; to move to other tab(file:///C:/Users/nihal/WorkSpace_AutomationPracticeFinal/Automation-Project/com.CumberTestAutomation/src/main/resources/Features/PracticeApplicationFeatures/HomePage.feature:38)
</pre></div></td>
<td>0</td>
<td>com.TestRunner.TestRunner_testNGIntegreation@293a5bf6</td></tr>
<tr>
<td title='com.TestRunner.TestRunner_testNGIntegreation.runScenario()'><b>runScenario</b><br>Test class: com.TestRunner.TestRunner_testNGIntegreation<br>Test method: Runs Cucumber Scenarios<br>Parameters: "Home Page Hyperlink redirect to iFrame validation", "Optional[Home Page elements validations]"</td>
<td><div><pre>io.cucumber.java.PendingException: TODO: implement me
	at com.PracticeApplicationPageStepDef.HomePageStepDef.validate_on_i_frame(HomePageStepDef.java:90)
	at ✽.Validate &quot;Hyperlink&quot; on iFrame(file:///C:/Users/nihal/WorkSpace_AutomationPracticeFinal/Automation-Project/com.CumberTestAutomation/src/main/resources/Features/PracticeApplicationFeatures/HomePage.feature:70)
</pre></div><a href='#' onClick='toggleBox("stack-trace1415469015", this, "Click to show all stack frames", "Click to hide stack frames")'>Click to show all stack frames</a>
<div class='stack-trace' id='stack-trace1415469015'><pre>io.cucumber.java.PendingException: TODO: implement me
	at com.PracticeApplicationPageStepDef.HomePageStepDef.validate_on_i_frame(HomePageStepDef.java:90)
	at ✽.Validate &quot;Hyperlink&quot; on iFrame(file:///C:/Users/nihal/WorkSpace_AutomationPracticeFinal/Automation-Project/com.CumberTestAutomation/src/main/resources/Features/PracticeApplicationFeatures/HomePage.feature:70)
</pre></div></td>
<td>0</td>
<td>com.TestRunner.TestRunner_testNGIntegreation@293a5bf6</td></tr>
<tr>
<td title='com.TestRunner.TestRunner_testNGIntegreation.runScenario()'><b>runScenario</b><br>Test class: com.TestRunner.TestRunner_testNGIntegreation<br>Test method: Runs Cucumber Scenarios<br>Parameters: "Home Page dropdown and checkbox validations", "Optional[Home Page elements validations]"</td>
<td><div><pre>io.cucumber.java.PendingException: TODO: implement me
	at com.PracticeApplicationPageStepDef.HomePageStepDef.validate_dropdown_field_and_select(HomePageStepDef.java:35)
	at ✽.Validate dropdown field &quot;Values&quot; and select &quot;value2&quot;(file:///C:/Users/nihal/WorkSpace_AutomationPracticeFinal/Automation-Project/com.CumberTestAutomation/src/main/resources/Features/PracticeApplicationFeatures/HomePage.feature:24)
</pre></div><a href='#' onClick='toggleBox("stack-trace703232177", this, "Click to show all stack frames", "Click to hide stack frames")'>Click to show all stack frames</a>
<div class='stack-trace' id='stack-trace703232177'><pre>io.cucumber.java.PendingException: TODO: implement me
	at com.PracticeApplicationPageStepDef.HomePageStepDef.validate_dropdown_field_and_select(HomePageStepDef.java:35)
	at ✽.Validate dropdown field &quot;Values&quot; and select &quot;value2&quot;(file:///C:/Users/nihal/WorkSpace_AutomationPracticeFinal/Automation-Project/com.CumberTestAutomation/src/main/resources/Features/PracticeApplicationFeatures/HomePage.feature:24)
</pre></div></td>
<td>0</td>
<td>com.TestRunner.TestRunner_testNGIntegreation@293a5bf6</td></tr>
<tr>
<td title='com.TestRunner.TestRunner_testNGIntegreation.runScenario()'><b>runScenario</b><br>Test class: com.TestRunner.TestRunner_testNGIntegreation<br>Test method: Runs Cucumber Scenarios<br>Parameters: "Home Page table data and store data in excel", "Optional[Home Page elements validations]"</td>
<td><div><pre>io.cucumber.java.PendingException: TODO: implement me
	at com.PracticeApplicationPageStepDef.HomePageStepDef.validate_all_elements_in_the_table1(HomePageStepDef.java:70)
	at ✽.Validate All elements in the table1(file:///C:/Users/nihal/WorkSpace_AutomationPracticeFinal/Automation-Project/com.CumberTestAutomation/src/main/resources/Features/PracticeApplicationFeatures/HomePage.feature:51)
</pre></div><a href='#' onClick='toggleBox("stack-trace582702662", this, "Click to show all stack frames", "Click to hide stack frames")'>Click to show all stack frames</a>
<div class='stack-trace' id='stack-trace582702662'><pre>io.cucumber.java.PendingException: TODO: implement me
	at com.PracticeApplicationPageStepDef.HomePageStepDef.validate_all_elements_in_the_table1(HomePageStepDef.java:70)
	at ✽.Validate All elements in the table1(file:///C:/Users/nihal/WorkSpace_AutomationPracticeFinal/Automation-Project/com.CumberTestAutomation/src/main/resources/Features/PracticeApplicationFeatures/HomePage.feature:51)
</pre></div></td>
<td>0</td>
<td>com.TestRunner.TestRunner_testNGIntegreation@293a5bf6</td></tr>
<tr>
<td title='com.TestRunner.TestRunner_testNGIntegreation.runScenario()'><b>runScenario</b><br>Test class: com.TestRunner.TestRunner_testNGIntegreation<br>Test method: Runs Cucumber Scenarios<br>Parameters: "Home Page table2 and sum validation", "Optional[Home Page elements validations]"</td>
<td><div><pre>io.cucumber.java.PendingException: TODO: implement me
	at com.PracticeApplicationPageStepDef.HomePageStepDef.validate_table2_and_verify_sum_amount_matched_with_total(HomePageStepDef.java:80)
	at ✽.Validate table2 and verify sum amount matched with total(file:///C:/Users/nihal/WorkSpace_AutomationPracticeFinal/Automation-Project/com.CumberTestAutomation/src/main/resources/Features/PracticeApplicationFeatures/HomePage.feature:58)
</pre></div><a href='#' onClick='toggleBox("stack-trace753162875", this, "Click to show all stack frames", "Click to hide stack frames")'>Click to show all stack frames</a>
<div class='stack-trace' id='stack-trace753162875'><pre>io.cucumber.java.PendingException: TODO: implement me
	at com.PracticeApplicationPageStepDef.HomePageStepDef.validate_table2_and_verify_sum_amount_matched_with_total(HomePageStepDef.java:80)
	at ✽.Validate table2 and verify sum amount matched with total(file:///C:/Users/nihal/WorkSpace_AutomationPracticeFinal/Automation-Project/com.CumberTestAutomation/src/main/resources/Features/PracticeApplicationFeatures/HomePage.feature:58)
</pre></div></td>
<td>0</td>
<td>com.TestRunner.TestRunner_testNGIntegreation@293a5bf6</td></tr>
</table><p>
<table width='100%' border='1' class='invocation-passed'>
<tr><td colspan='4' align='center'><b>PASSED TESTS</b></td></tr>
<tr><td><b>Test method</b></td>
<td width="30%"><b>Exception</b></td>
<td width="10%"><b>Time (seconds)</b></td>
<td><b>Instance</b></td>
</tr>
<tr>
<td title='com.TestRunner.TestRunner_testNGIntegreation.runScenario()'><b>runScenario</b><br>Test class: com.TestRunner.TestRunner_testNGIntegreation<br>Test method: Runs Cucumber Scenarios<br>Parameters: "Home Page Radio button validation", "Optional[Home Page elements validations]"</td>
<td></td>
<td>9</td>
<td>com.TestRunner.TestRunner_testNGIntegreation@293a5bf6</td></tr>
</table><p>
</body>
</html>