<?xml version="1.0" encoding="UTF-8"?>
<!-- Generated by org.testng.reporters.JUnitReportReporter -->
<testsuite hostname="Pappu" failures="0" tests="10" name="com.TestRunner.TestRunner_testNGIntegreation" time="10.435" errors="9" timestamp="2025-03-08T20:14:27 IST" skipped="0">
  <testcase classname="com.TestRunner.TestRunner_testNGIntegreation" name="runScenario" time="9.977"/>
  <system-out/>
  <testcase classname="com.TestRunner.TestRunner_testNGIntegreation" name="runScenario" time="0.035">
    <error message="TODO: implement me" type="io.cucumber.java.PendingException">
      <![CDATA[io.cucumber.java.PendingException: TODO: implement me
at com.PracticeApplicationPageStepDef.HomePageStepDef.click_on_to_switch_window(HomePageStepDef.java:45)
at ✽.Click on "Open Window" to switch window(file:///C:/Users/nihal/WorkSpace_AutomationPracticeFinal/Automation-Project/com.CumberTestAutomation/src/main/resources/Features/PracticeApplicationFeatures/HomePage.feature:31)
]]>
    </error>
  </testcase> <!-- runScenario -->
  <system-out/>
  <testcase classname="com.TestRunner.TestRunner_testNGIntegreation" name="runScenario" time="0.048">
    <error message="TODO: implement me" type="io.cucumber.java.PendingException">
      <![CDATA[io.cucumber.java.PendingException: TODO: implement me
at com.PracticeApplicationPageStepDef.HomePageStepDef.validate_when_mouse_hover_on(HomePageStepDef.java:85)
at ✽.Validate "values" when mouse hover on "Mouse Hover"(file:///C:/Users/nihal/WorkSpace_AutomationPracticeFinal/Automation-Project/com.CumberTestAutomation/src/main/resources/Features/PracticeApplicationFeatures/HomePage.feature:64)
]]>
    </error>
  </testcase> <!-- runScenario -->
  <system-out/>
  <testcase classname="com.TestRunner.TestRunner_testNGIntegreation" name="runScenario" time="0.079">
    <error message="Cannot invoke &quot;org.openqa.selenium.WebElement.getText()&quot; because &quot;this.textFieldHeader&quot; is null" type="java.lang.NullPointerException">
      <![CDATA[java.lang.NullPointerException: Cannot invoke "org.openqa.selenium.WebElement.getText()" because "this.textFieldHeader" is null
at com.PracticeApplicationPages.HomePage.textBoxNameValWithInputData(HomePage.java:43)
at com.PracticeApplicationPageStepDef.HomePageStepDef.validate_textbox_field_and_enter(HomePageStepDef.java:30)
at ✽.Validate textbox field "Suggession Class Example" and Enter "testdata"(file:///C:/Users/nihal/WorkSpace_AutomationPracticeFinal/Automation-Project/com.CumberTestAutomation/src/main/resources/Features/PracticeApplicationFeatures/HomePage.feature:14)
]]>
    </error>
  </testcase> <!-- runScenario -->
  <system-out/>
  <testcase classname="com.TestRunner.TestRunner_testNGIntegreation" name="runScenario" time="0.037">
    <error message="TODO: implement me" type="io.cucumber.java.PendingException">
      <![CDATA[io.cucumber.java.PendingException: TODO: implement me
at com.PracticeApplicationPageStepDef.HomePageStepDef.click_on_button_to_validate(HomePageStepDef.java:65)
at ✽.Click on "Alert" button to validate "alertMessage"(file:///C:/Users/nihal/WorkSpace_AutomationPracticeFinal/Automation-Project/com.CumberTestAutomation/src/main/resources/Features/PracticeApplicationFeatures/HomePage.feature:45)
]]>
    </error>
  </testcase> <!-- runScenario -->
  <system-out/>
  <testcase classname="com.TestRunner.TestRunner_testNGIntegreation" name="runScenario" time="0.037">
    <error message="TODO: implement me" type="io.cucumber.java.PendingException">
      <![CDATA[io.cucumber.java.PendingException: TODO: implement me
at com.PracticeApplicationPageStepDef.HomePageStepDef.click_on_to_move_to_other_tab(HomePageStepDef.java:55)
at ✽.Click on "Open Tab" to move to other tab(file:///C:/Users/nihal/WorkSpace_AutomationPracticeFinal/Automation-Project/com.CumberTestAutomation/src/main/resources/Features/PracticeApplicationFeatures/HomePage.feature:38)
]]>
    </error>
  </testcase> <!-- runScenario -->
  <system-out/>
  <testcase classname="com.TestRunner.TestRunner_testNGIntegreation" name="runScenario" time="0.046">
    <error message="TODO: implement me" type="io.cucumber.java.PendingException">
      <![CDATA[io.cucumber.java.PendingException: TODO: implement me
at com.PracticeApplicationPageStepDef.HomePageStepDef.validate_on_i_frame(HomePageStepDef.java:90)
at ✽.Validate "Hyperlink" on iFrame(file:///C:/Users/nihal/WorkSpace_AutomationPracticeFinal/Automation-Project/com.CumberTestAutomation/src/main/resources/Features/PracticeApplicationFeatures/HomePage.feature:70)
]]>
    </error>
  </testcase> <!-- runScenario -->
  <system-out/>
  <testcase classname="com.TestRunner.TestRunner_testNGIntegreation" name="runScenario" time="0.093">
    <error message="TODO: implement me" type="io.cucumber.java.PendingException">
      <![CDATA[io.cucumber.java.PendingException: TODO: implement me
at com.PracticeApplicationPageStepDef.HomePageStepDef.validate_dropdown_field_and_select(HomePageStepDef.java:35)
at ✽.Validate dropdown field "Values" and select "value2"(file:///C:/Users/nihal/WorkSpace_AutomationPracticeFinal/Automation-Project/com.CumberTestAutomation/src/main/resources/Features/PracticeApplicationFeatures/HomePage.feature:24)
]]>
    </error>
  </testcase> <!-- runScenario -->
  <system-out/>
  <testcase classname="com.TestRunner.TestRunner_testNGIntegreation" name="runScenario" time="0.037">
    <error message="TODO: implement me" type="io.cucumber.java.PendingException">
      <![CDATA[io.cucumber.java.PendingException: TODO: implement me
at com.PracticeApplicationPageStepDef.HomePageStepDef.validate_all_elements_in_the_table1(HomePageStepDef.java:70)
at ✽.Validate All elements in the table1(file:///C:/Users/nihal/WorkSpace_AutomationPracticeFinal/Automation-Project/com.CumberTestAutomation/src/main/resources/Features/PracticeApplicationFeatures/HomePage.feature:51)
]]>
    </error>
  </testcase> <!-- runScenario -->
  <system-out/>
  <testcase classname="com.TestRunner.TestRunner_testNGIntegreation" name="runScenario" time="0.046">
    <error message="TODO: implement me" type="io.cucumber.java.PendingException">
      <![CDATA[io.cucumber.java.PendingException: TODO: implement me
at com.PracticeApplicationPageStepDef.HomePageStepDef.validate_table2_and_verify_sum_amount_matched_with_total(HomePageStepDef.java:80)
at ✽.Validate table2 and verify sum amount matched with total(file:///C:/Users/nihal/WorkSpace_AutomationPracticeFinal/Automation-Project/com.CumberTestAutomation/src/main/resources/Features/PracticeApplicationFeatures/HomePage.feature:58)
]]>
    </error>
  </testcase> <!-- runScenario -->
  <system-out/>
</testsuite> <!-- com.TestRunner.TestRunner_testNGIntegreation -->
